c:\users\mac-killer-pro\desktop\fullyfinished\sudentmanagement-c--master\studentmanagement\x64\debug\vc143.pdb
c:\users\mac-killer-pro\desktop\fullyfinished\sudentmanagement-c--master\studentmanagement\x64\debug\vc143.idb
c:\users\mac-killer-pro\desktop\fullyfinished\sudentmanagement-c--master\studentmanagement\x64\debug\teacher.obj
c:\users\mac-killer-pro\desktop\fullyfinished\sudentmanagement-c--master\studentmanagement\x64\debug\student.obj
c:\users\mac-killer-pro\desktop\fullyfinished\sudentmanagement-c--master\studentmanagement\x64\debug\staff.obj
c:\users\mac-killer-pro\desktop\fullyfinished\sudentmanagement-c--master\studentmanagement\x64\debug\person.obj
c:\users\mac-killer-pro\desktop\fullyfinished\sudentmanagement-c--master\studentmanagement\x64\debug\peoplehandler.obj
c:\users\mac-killer-pro\desktop\fullyfinished\sudentmanagement-c--master\studentmanagement\x64\debug\main.obj
c:\users\mac-killer-pro\desktop\fullyfinished\sudentmanagement-c--master\studentmanagement\x64\debug\klasshandler.obj
c:\users\mac-killer-pro\desktop\fullyfinished\sudentmanagement-c--master\studentmanagement\x64\debug\klass.obj
c:\users\mac-killer-pro\desktop\fullyfinished\sudentmanagement-c--master\studentmanagement\x64\debug\studentmanagement.ilk
c:\users\mac-killer-pro\desktop\fullyfinished\sudentmanagement-c--master\x64\debug\studentmanagement.exe
c:\users\mac-killer-pro\desktop\fullyfinished\sudentmanagement-c--master\x64\debug\studentmanagement.pdb
c:\users\mac-killer-pro\desktop\fullyfinished\sudentmanagement-c--master\studentmanagement\x64\debug\studentm.53fe10e3.tlog\cl.command.1.tlog
c:\users\mac-killer-pro\desktop\fullyfinished\sudentmanagement-c--master\studentmanagement\x64\debug\studentm.53fe10e3.tlog\cl.items.tlog
c:\users\mac-killer-pro\desktop\fullyfinished\sudentmanagement-c--master\studentmanagement\x64\debug\studentm.53fe10e3.tlog\cl.read.1.tlog
c:\users\mac-killer-pro\desktop\fullyfinished\sudentmanagement-c--master\studentmanagement\x64\debug\studentm.53fe10e3.tlog\cl.write.1.tlog
c:\users\mac-killer-pro\desktop\fullyfinished\sudentmanagement-c--master\studentmanagement\x64\debug\studentm.53fe10e3.tlog\link.command.1.tlog
c:\users\mac-killer-pro\desktop\fullyfinished\sudentmanagement-c--master\studentmanagement\x64\debug\studentm.53fe10e3.tlog\link.read.1.tlog
c:\users\mac-killer-pro\desktop\fullyfinished\sudentmanagement-c--master\studentmanagement\x64\debug\studentm.53fe10e3.tlog\link.write.1.tlog
